<?xml version="1.0" encoding="UTF-8"?>
<testsuite xmlns:xsi="http://www.w3.org/2001/XMLSchema-instance" xsi:noNamespaceSchemaLocation="https://maven.apache.org/surefire/maven-surefire-plugin/xsd/surefire-test-report-3.0.xsd" version="3.0" name="model.LevelTest" time="0.002" tests="6" errors="0" skipped="0" failures="0">
  <properties>
    <property name="sun.desktop" value="gnome"/>
    <property name="awt.toolkit" value="sun.awt.X11.XToolkit"/>
    <property name="java.specification.version" value="11"/>
    <property name="sun.cpu.isalist" value=""/>
    <property name="sun.jnu.encoding" value="UTF-8"/>
    <property name="java.class.path" value="/home/zenol/Desktop/szoftverfejlesztes/beadando/sokoban/target/clover/test-classes:/home/zenol/Desktop/szoftverfejlesztes/beadando/sokoban/target/clover/classes:/home/zenol/.m2/repository/org/openjfx/javafx-controls/11.0.2/javafx-controls-11.0.2.jar:/home/zenol/.m2/repository/org/openjfx/javafx-controls/11.0.2/javafx-controls-11.0.2-linux.jar:/home/zenol/.m2/repository/org/openjfx/javafx-graphics/11.0.2/javafx-graphics-11.0.2.jar:/home/zenol/.m2/repository/org/openjfx/javafx-graphics/11.0.2/javafx-graphics-11.0.2-linux.jar:/home/zenol/.m2/repository/org/openjfx/javafx-base/11.0.2/javafx-base-11.0.2.jar:/home/zenol/.m2/repository/org/openjfx/javafx-base/11.0.2/javafx-base-11.0.2-linux.jar:/home/zenol/.m2/repository/org/openjfx/javafx-fxml/11.0.2/javafx-fxml-11.0.2.jar:/home/zenol/.m2/repository/org/openjfx/javafx-fxml/11.0.2/javafx-fxml-11.0.2-linux.jar:/home/zenol/.m2/repository/com/google/code/gson/gson/2.8.5/gson-2.8.5.jar:/home/zenol/.m2/repository/org/projectlombok/lombok/1.18.6/lombok-1.18.6.jar:/home/zenol/.m2/repository/org/slf4j/slf4j-api/1.7.26/slf4j-api-1.7.26.jar:/home/zenol/.m2/repository/org/apache/logging/log4j/log4j-slf4j-impl/2.11.2/log4j-slf4j-impl-2.11.2.jar:/home/zenol/.m2/repository/org/apache/logging/log4j/log4j-api/2.11.2/log4j-api-2.11.2.jar:/home/zenol/.m2/repository/org/apache/logging/log4j/log4j-core/2.11.2/log4j-core-2.11.2.jar:/home/zenol/.m2/repository/org/junit/jupiter/junit-jupiter-engine/5.4.2/junit-jupiter-engine-5.4.2.jar:/home/zenol/.m2/repository/org/apiguardian/apiguardian-api/1.0.0/apiguardian-api-1.0.0.jar:/home/zenol/.m2/repository/org/junit/platform/junit-platform-engine/1.4.2/junit-platform-engine-1.4.2.jar:/home/zenol/.m2/repository/org/opentest4j/opentest4j/1.1.1/opentest4j-1.1.1.jar:/home/zenol/.m2/repository/org/junit/platform/junit-platform-commons/1.4.2/junit-platform-commons-1.4.2.jar:/home/zenol/.m2/repository/org/junit/jupiter/junit-jupiter-api/5.4.2/junit-jupiter-api-5.4.2.jar:/home/zenol/.m2/repository/org/junit/platform/junit-platform-runner/1.2.0/junit-platform-runner-1.2.0.jar:/home/zenol/.m2/repository/org/junit/platform/junit-platform-launcher/1.2.0/junit-platform-launcher-1.2.0.jar:/home/zenol/.m2/repository/org/junit/platform/junit-platform-suite-api/1.2.0/junit-platform-suite-api-1.2.0.jar:/home/zenol/.m2/repository/junit/junit/4.12/junit-4.12.jar:/home/zenol/.m2/repository/org/hamcrest/hamcrest-core/1.3/hamcrest-core-1.3.jar:/home/zenol/.m2/repository/org/openclover/clover/4.3.1/clover-4.3.1.jar:/tmp/grover11074161298959698987.jar:"/>
    <property name="java.vm.vendor" value="Oracle Corporation"/>
    <property name="sun.arch.data.model" value="64"/>
    <property name="java.vendor.url" value="http://java.oracle.com/"/>
    <property name="user.timezone" value=""/>
    <property name="java.vm.specification.version" value="11"/>
    <property name="os.name" value="Linux"/>
    <property name="sun.java.launcher" value="SUN_STANDARD"/>
    <property name="user.country" value="US"/>
    <property name="sun.boot.library.path" value="/home/zenol/.sdkman/candidates/java/11.0.2-open/lib"/>
    <property name="sun.java.command" value="/home/zenol/Desktop/szoftverfejlesztes/beadando/sokoban/target/clover/surefire/surefirebooter15366461949638494614.jar /home/zenol/Desktop/szoftverfejlesztes/beadando/sokoban/target/clover/surefire 2019-05-15T22-27-28_607-jvmRun1 surefire1678316831446045962tmp surefire_013967286893358570872tmp"/>
    <property name="jdk.debug" value="release"/>
    <property name="surefire.test.class.path" value="/home/zenol/Desktop/szoftverfejlesztes/beadando/sokoban/target/clover/test-classes:/home/zenol/Desktop/szoftverfejlesztes/beadando/sokoban/target/clover/classes:/home/zenol/.m2/repository/org/openjfx/javafx-controls/11.0.2/javafx-controls-11.0.2.jar:/home/zenol/.m2/repository/org/openjfx/javafx-controls/11.0.2/javafx-controls-11.0.2-linux.jar:/home/zenol/.m2/repository/org/openjfx/javafx-graphics/11.0.2/javafx-graphics-11.0.2.jar:/home/zenol/.m2/repository/org/openjfx/javafx-graphics/11.0.2/javafx-graphics-11.0.2-linux.jar:/home/zenol/.m2/repository/org/openjfx/javafx-base/11.0.2/javafx-base-11.0.2.jar:/home/zenol/.m2/repository/org/openjfx/javafx-base/11.0.2/javafx-base-11.0.2-linux.jar:/home/zenol/.m2/repository/org/openjfx/javafx-fxml/11.0.2/javafx-fxml-11.0.2.jar:/home/zenol/.m2/repository/org/openjfx/javafx-fxml/11.0.2/javafx-fxml-11.0.2-linux.jar:/home/zenol/.m2/repository/com/google/code/gson/gson/2.8.5/gson-2.8.5.jar:/home/zenol/.m2/repository/org/projectlombok/lombok/1.18.6/lombok-1.18.6.jar:/home/zenol/.m2/repository/org/slf4j/slf4j-api/1.7.26/slf4j-api-1.7.26.jar:/home/zenol/.m2/repository/org/apache/logging/log4j/log4j-slf4j-impl/2.11.2/log4j-slf4j-impl-2.11.2.jar:/home/zenol/.m2/repository/org/apache/logging/log4j/log4j-api/2.11.2/log4j-api-2.11.2.jar:/home/zenol/.m2/repository/org/apache/logging/log4j/log4j-core/2.11.2/log4j-core-2.11.2.jar:/home/zenol/.m2/repository/org/junit/jupiter/junit-jupiter-engine/5.4.2/junit-jupiter-engine-5.4.2.jar:/home/zenol/.m2/repository/org/apiguardian/apiguardian-api/1.0.0/apiguardian-api-1.0.0.jar:/home/zenol/.m2/repository/org/junit/platform/junit-platform-engine/1.4.2/junit-platform-engine-1.4.2.jar:/home/zenol/.m2/repository/org/opentest4j/opentest4j/1.1.1/opentest4j-1.1.1.jar:/home/zenol/.m2/repository/org/junit/platform/junit-platform-commons/1.4.2/junit-platform-commons-1.4.2.jar:/home/zenol/.m2/repository/org/junit/jupiter/junit-jupiter-api/5.4.2/junit-jupiter-api-5.4.2.jar:/home/zenol/.m2/repository/org/junit/platform/junit-platform-runner/1.2.0/junit-platform-runner-1.2.0.jar:/home/zenol/.m2/repository/org/junit/platform/junit-platform-launcher/1.2.0/junit-platform-launcher-1.2.0.jar:/home/zenol/.m2/repository/org/junit/platform/junit-platform-suite-api/1.2.0/junit-platform-suite-api-1.2.0.jar:/home/zenol/.m2/repository/junit/junit/4.12/junit-4.12.jar:/home/zenol/.m2/repository/org/hamcrest/hamcrest-core/1.3/hamcrest-core-1.3.jar:/home/zenol/.m2/repository/org/openclover/clover/4.3.1/clover-4.3.1.jar:/tmp/grover11074161298959698987.jar:"/>
    <property name="sun.cpu.endian" value="little"/>
    <property name="user.home" value="/home/zenol"/>
    <property name="user.language" value="en"/>
    <property name="java.specification.vendor" value="Oracle Corporation"/>
    <property name="java.version.date" value="2019-01-15"/>
    <property name="java.home" value="/home/zenol/.sdkman/candidates/java/11.0.2-open"/>
    <property name="file.separator" value="/"/>
    <property name="basedir" value="/home/zenol/Desktop/szoftverfejlesztes/beadando/sokoban"/>
    <property name="java.vm.compressedOopsMode" value="32-bit"/>
    <property name="line.separator" value="&#10;"/>
    <property name="java.specification.name" value="Java Platform API Specification"/>
    <property name="java.vm.specification.vendor" value="Oracle Corporation"/>
    <property name="java.awt.graphicsenv" value="sun.awt.X11GraphicsEnvironment"/>
    <property name="surefire.real.class.path" value="/home/zenol/Desktop/szoftverfejlesztes/beadando/sokoban/target/clover/surefire/surefirebooter15366461949638494614.jar"/>
    <property name="sun.management.compiler" value="HotSpot 64-Bit Tiered Compilers"/>
    <property name="java.runtime.version" value="11.0.2+9"/>
    <property name="user.name" value="zenol"/>
    <property name="path.separator" value=":"/>
    <property name="os.version" value="4.15.0-48-generic"/>
    <property name="java.runtime.name" value="OpenJDK Runtime Environment"/>
    <property name="file.encoding" value="UTF-8"/>
    <property name="java.vm.name" value="OpenJDK 64-Bit Server VM"/>
    <property name="java.vendor.version" value="18.9"/>
    <property name="localRepository" value="/home/zenol/.m2/repository"/>
    <property name="java.vendor.url.bug" value="http://bugreport.java.com/bugreport/"/>
    <property name="java.io.tmpdir" value="/tmp"/>
    <property name="idea.version" value="2018.3.4"/>
    <property name="java.version" value="11.0.2"/>
    <property name="user.dir" value="/home/zenol/Desktop/szoftverfejlesztes/beadando/sokoban"/>
    <property name="os.arch" value="amd64"/>
    <property name="java.vm.specification.name" value="Java Virtual Machine Specification"/>
    <property name="java.awt.printerjob" value="sun.print.PSPrinterJob"/>
    <property name="sun.os.patch.level" value="unknown"/>
    <property name="java.library.path" value="/usr/java/packages/lib:/usr/lib64:/lib64:/lib:/usr/lib"/>
    <property name="java.vendor" value="Oracle Corporation"/>
    <property name="java.vm.info" value="mixed mode"/>
    <property name="java.vm.version" value="11.0.2+9"/>
    <property name="sun.io.unicode.encoding" value="UnicodeLittle"/>
    <property name="java.class.version" value="55.0"/>
  </properties>
  <testcase name="addStep" classname="model.LevelTest" time="0"/>
  <testcase name="isLevelOver" classname="model.LevelTest" time="0"/>
  <testcase name="deletCharMap" classname="model.LevelTest" time="0"/>
  <testcase name="move" classname="model.LevelTest" time="0"/>
  <testcase name="getStepToString" classname="model.LevelTest" time="0"/>
  <testcase name="newCharMap" classname="model.LevelTest" time="0"/>
</testsuite>